[15-Mar-2018 10:42:14 UTC] PHP Warning:  require(G:\www\scgdcms\public/../vendor/autoload.php): failed to open stream: No such file or directory in G:\www\scgdcms\public\index.php on line 24
[15-Mar-2018 10:42:14 UTC] PHP Fatal error:  require(): Failed opening required 'G:\www\scgdcms\public/../vendor/autoload.php' (include_path='.;C:\php\pear') in G:\www\scgdcms\public\index.php on line 24
[15-Mar-2018 10:42:51 UTC] PHP Fatal error:  Uncaught ReflectionException: Class view does not exist in G:\www\scgdcms\vendor\laravel\framework\src\Illuminate\Container\Container.php:752
Stack trace:
#0 G:\www\scgdcms\vendor\laravel\framework\src\Illuminate\Container\Container.php(752): ReflectionClass->__construct('view')
#1 G:\www\scgdcms\vendor\laravel\framework\src\Illuminate\Container\Container.php(631): Illuminate\Container\Container->build('view')
#2 G:\www\scgdcms\vendor\laravel\framework\src\Illuminate\Container\Container.php(586): Illuminate\Container\Container->resolve('view', Array)
#3 G:\www\scgdcms\vendor\laravel\framework\src\Illuminate\Foundation\Application.php(732): Illuminate\Container\Container->make('view', Array)
#4 G:\www\scgdcms\vendor\laravel\framework\src\Illuminate\Foundation\helpers.php(110): Illuminate\Foundation\Application->make('view', Array)
#5 G:\www\scgdcms\vendor\laravel\framework\src\Illuminate\Foundation\helpers.php(965): app('Illuminate\\Cont...')
#6 G:\www\scgdcms\vendor\laravel\framework\src\Illuminate\Foundation in G:\www\scgdcms\vendor\laravel\framework\src\Illuminate\Container\Container.php on line 752
[15-Mar-2018 10:43:55 UTC] PHP Fatal error:  Uncaught ReflectionException: Class view does not exist in G:\www\scgdcms\vendor\laravel\framework\src\Illuminate\Container\Container.php:752
Stack trace:
#0 G:\www\scgdcms\vendor\laravel\framework\src\Illuminate\Container\Container.php(752): ReflectionClass->__construct('view')
#1 G:\www\scgdcms\vendor\laravel\framework\src\Illuminate\Container\Container.php(631): Illuminate\Container\Container->build('view')
#2 G:\www\scgdcms\vendor\laravel\framework\src\Illuminate\Container\Container.php(586): Illuminate\Container\Container->resolve('view', Array)
#3 G:\www\scgdcms\vendor\laravel\framework\src\Illuminate\Foundation\Application.php(732): Illuminate\Container\Container->make('view', Array)
#4 G:\www\scgdcms\vendor\laravel\framework\src\Illuminate\Foundation\helpers.php(110): Illuminate\Foundation\Application->make('view', Array)
#5 G:\www\scgdcms\vendor\laravel\framework\src\Illuminate\Foundation\helpers.php(965): app('Illuminate\\Cont...')
#6 G:\www\scgdcms\vendor\laravel\framework\src\Illuminate\Foundation in G:\www\scgdcms\vendor\laravel\framework\src\Illuminate\Container\Container.php on line 752
[15-Mar-2018 10:44:13 UTC] PHP Fatal error:  Uncaught ReflectionException: Class view does not exist in G:\www\scgdcms\vendor\laravel\framework\src\Illuminate\Container\Container.php:752
Stack trace:
#0 G:\www\scgdcms\vendor\laravel\framework\src\Illuminate\Container\Container.php(752): ReflectionClass->__construct('view')
#1 G:\www\scgdcms\vendor\laravel\framework\src\Illuminate\Container\Container.php(631): Illuminate\Container\Container->build('view')
#2 G:\www\scgdcms\vendor\laravel\framework\src\Illuminate\Container\Container.php(586): Illuminate\Container\Container->resolve('view', Array)
#3 G:\www\scgdcms\vendor\laravel\framework\src\Illuminate\Foundation\Application.php(732): Illuminate\Container\Container->make('view', Array)
#4 G:\www\scgdcms\vendor\laravel\framework\src\Illuminate\Foundation\helpers.php(110): Illuminate\Foundation\Application->make('view', Array)
#5 G:\www\scgdcms\vendor\laravel\framework\src\Illuminate\Foundation\helpers.php(965): app('Illuminate\\Cont...')
#6 G:\www\scgdcms\vendor\laravel\framework\src\Illuminate\Foundation in G:\www\scgdcms\vendor\laravel\framework\src\Illuminate\Container\Container.php on line 752
[16-Mar-2018 15:50:34 Asia/Shanghai] PHP Fatal error:  Trait 'App\Http\Model\Role\UserModelExtend' not found in G:\www\scgdcms\app\Http\Model\User\UserModel.php on line 13
[19-Mar-2018 16:34:29 Asia/Shanghai] PHP Fatal error:  Trait 'App\Http\Model\Menu\ClientModelExtend' not found in G:\www\scgdcms\app\Http\Model\Client\ClientModel.php on line 13
[20-Mar-2018 09:49:51 Asia/Shanghai] PHP Fatal error:  Cannot redeclare App\Http\Controllers\Client\ClientController::store() in G:\www\scgdcms\app\Http\Controllers\Client\ClientController.php on line 211
[20-Mar-2018 13:49:54 Asia/Shanghai] PHP Fatal error:  Uncaught ErrorException: Undefined variable: terminalId in G:\www\scgdcms\app\Http\Controllers\Terminal\TerminalController.php:196
Stack trace:
#0 G:\www\scgdcms\app\Http\Controllers\Terminal\TerminalController.php(196): Illuminate\Foundation\Bootstrap\HandleExceptions->handleError(8, 'Undefined varia...', 'G:\\www\\scgdcms\\...', 196, Array)
#1 G:\www\scgdcms\app\Http\Controllers\BaseController.php(232): App\Http\Controllers\Terminal\TerminalController->update()
#2 G:\www\scgdcms\routes\web.php(62): App\Http\Controllers\BaseController->_target(Object(Illuminate\Http\Request), 'admin', 'terminal', 'update')
#3 G:\www\scgdcms\vendor\laravel\framework\src\Illuminate\Routing\Route.php(198): Illuminate\Routing\Router->{closure}(Object(Illuminate\Http\Request), 'terminal', 'update')
#4 G:\www\scgdcms\vendor\laravel\framework\src\Illuminate\Routing\Route.php(172): Illuminate\Routing\Route->runCallable()
#5 G:\www\scgdcms\vendor\laravel\framework\src\Illuminate\Routing\Router.php(658): Illuminate\Routing\Route->run( in G:\www\scgdcms\app\Http\Controllers\Terminal\TerminalController.php on line 196
[23-Mar-2018 10:32:11 Asia/Shanghai] PHP Fatal error:  Constant expression contains invalid operations in G:\www\scgdcms\app\Http\Controllers\User\V1\UserApiController.php on line 95
[23-Mar-2018 10:32:16 Asia/Shanghai] PHP Fatal error:  Constant expression contains invalid operations in G:\www\scgdcms\app\Http\Controllers\User\V1\UserApiController.php on line 95
[23-Mar-2018 10:32:24 Asia/Shanghai] PHP Fatal error:  Constant expression contains invalid operations in G:\www\scgdcms\app\Http\Controllers\User\V1\UserApiController.php on line 95
[23-Mar-2018 10:34:18 Asia/Shanghai] PHP Fatal error:  Constant expression contains invalid operations in G:\www\scgdcms\app\Http\Controllers\User\V1\UserApiController.php on line 95
[23-Mar-2018 10:35:37 Asia/Shanghai] PHP Fatal error:  Constant expression contains invalid operations in G:\www\scgdcms\app\Http\Controllers\User\V1\UserApiController.php on line 95
[23-Mar-2018 17:25:56 Asia/Shanghai] PHP Fatal error:  Maximum execution time of 30 seconds exceeded in G:\www\scgdcms\app\Http\Controllers\BaseController.php on line 335
[26-Mar-2018 07:33:48 UTC] PHP Warning:  require(G:\www\scgd_hang\public/../vendor/autoload.php): failed to open stream: No such file or directory in G:\www\scgd_hang\public\index.php on line 24
[26-Mar-2018 07:33:48 UTC] PHP Fatal error:  require(): Failed opening required 'G:\www\scgd_hang\public/../vendor/autoload.php' (include_path='.;C:\php\pear') in G:\www\scgd_hang\public\index.php on line 24
[26-Mar-2018 17:39:21 Asia/Shanghai] PHP Warning:  Uncaught ErrorException: require(../Wxpay/lib/WxPay.Api.php): failed to open stream: No such file or directory in G:\www\scgd_hang\app\Http\Controllers\AccountCheck\vendor\WxPay.php:21
Stack trace:
#0 G:\www\scgd_hang\app\Http\Controllers\AccountCheck\vendor\WxPay.php(21): Illuminate\Foundation\Bootstrap\HandleExceptions->handleError(2, 'require(../Wxpa...', 'G:\\www\\scgd_han...', 21, Array)
#1 G:\www\scgd_hang\app\Http\Controllers\AccountCheck\vendor\WxPay.php(21): require()
#2 G:\www\scgd_hang\app\Http\Controllers\AccountCheck\V1\AccountCheckWxReconciliateApiController.php(26): App\Http\Controllers\AccountCheck\Vendor\Wxpay->ComparisonWx('20170917', 'ALL')
#3 G:\www\scgd_hang\app\Http\Controllers\BaseController.php(232): App\Http\Controllers\AccountCheck\V1\AccountCheckWxReconciliateApiController->api_reconciliate()
#4 G:\www\scgd_hang\routes\web.php(96): App\Http\Controllers\BaseController->_target(Object(Illuminate\Http\Request), 'admin', 'accountCheck', 'api_reconciliat...', '1', 'api')
#5 G:\www\scgd_h in G:\www\scgd_hang\app\Http\Controllers\AccountCheck\vendor\WxPay.php on line 21
[26-Mar-2018 17:39:21 Asia/Shanghai] PHP Fatal error:  App\Http\Controllers\AccountCheck\Vendor\Wxpay::ComparisonWx(): Failed opening required '../Wxpay/lib/WxPay.Api.php' (include_path='.;C:\php\pear') in G:\www\scgd_hang\app\Http\Controllers\AccountCheck\vendor\WxPay.php on line 21
[27-Mar-2018 10:40:02 Asia/Shanghai] PHP Fatal error:  Trait 'App\Http\Model\Order\AccountCheckModelExtend' not found in G:\www\scgd_hang\app\Http\Model\Account\AccountCheckModel.php on line 13
[27-Mar-2018 10:40:26 Asia/Shanghai] PHP Fatal error:  Trait 'App\Http\Model\Order\AccountCheckDetailModelExtend' not found in G:\www\scgd_hang\app\Http\Model\Account\AccountCheckDetailModel.php on line 13
[27-Mar-2018 14:16:44 Asia/Shanghai] PHP Fatal error:  Cannot use Log as Log because the name is already in use in G:\www\scgd_hang\app\Http\Controllers\Account\V1\AccountWxReconciliateApiController.php on line 13
[27-Mar-2018 14:49:52 Asia/Shanghai] [2018-03-27 14:49:52] account_check.WARNING: 消息内容 [] []
[29-Mar-2018 14:14:30 Asia/Shanghai] PHP Fatal error:  Constant expression contains invalid operations in G:\www\scgd_hang\app\Http\Controllers\Menu\MenuController.php on line 33
[29-Mar-2018 14:16:34 Asia/Shanghai] PHP Fatal error:  Constant expression contains invalid operations in G:\www\scgd_hang\app\Http\Controllers\Menu\MenuController.php on line 33
[29-Mar-2018 14:22:45 Asia/Shanghai] PHP Fatal error:  Constant expression contains invalid operations in G:\www\scgd_hang\app\Http\Controllers\Menu\MenuController.php on line 33
[11-Apr-2018 10:11:25 Asia/Shanghai] PHP Fatal error:  Trait 'App\Http\Model\Account\AccountCheckDetailRelateModelExtend' not found in G:\www\scgd_hang\app\Http\Model\Account\AccountCheckDetailRelateModel.php on line 13
[12-Apr-2018 17:04:09 Asia/Shanghai] PHP Fatal error:  Constant expression contains invalid operations in G:\www\scgd_hang\app\Http\Controllers\User\UserController.php on line 33
[12-Apr-2018 17:04:33 Asia/Shanghai] PHP Fatal error:  Constant expression contains invalid operations in G:\www\scgd_hang\app\Http\Controllers\User\UserController.php on line 33
[24-Apr-2018 10:41:41 Asia/Shanghai] PHP Fatal error:  Trait 'App\Http\Model\System\SystemVersionInfoModelExtend' not found in G:\www\scgd_hang\app\Http\Model\System\SystemVersionInfoModel.php on line 13
[29-Jun-2018 11:49:57 Asia/Shanghai] PHP Fatal error:  Trait 'App\Http\Model\Flow\VerticesModelExtend' not found in G:\www\project_point\app\Http\Model\Flow\VerticesModel.php on line 13
[29-Jun-2018 11:53:24 Asia/Shanghai] PHP Fatal error:  Trait 'App\Http\Model\Flow\VerticesModelExtend' not found in G:\www\project_point\app\Http\Model\Flow\VerticesModel.php on line 13
[29-Jun-2018 11:54:59 Asia/Shanghai] PHP Fatal error:  Trait 'App\Http\Model\Flow\EdgesModelExtend' not found in G:\www\project_point\app\Http\Model\Flow\EdgesModel.php on line 13
[29-Jun-2018 17:19:33 Asia/Shanghai] PHP Fatal error:  Allowed memory size of 134217728 bytes exhausted (tried to allocate 8192 bytes) in G:\www\project_point\vendor\laravel\framework\src\Illuminate\Database\Connection.php on line 326
[10-Jul-2018 09:57:55 Asia/Shanghai] PHP Notice:  Undefined variable: password in G:\www\project_point\config\database.php on line 59
[10-Jul-2018 10:57:55 Asia/Shanghai] PHP Notice:  Undefined variable: password in G:\www\project_point\config\database.php on line 59
[10-Jul-2018 11:57:55 Asia/Shanghai] PHP Notice:  Undefined variable: password in G:\www\project_point\config\database.php on line 59
[10-Jul-2018 12:57:55 Asia/Shanghai] PHP Notice:  Undefined variable: password in G:\www\project_point\config\database.php on line 59
[10-Jul-2018 13:57:55 Asia/Shanghai] PHP Notice:  Undefined variable: password in G:\www\project_point\config\database.php on line 59
[10-Jul-2018 14:57:55 Asia/Shanghai] PHP Notice:  Undefined variable: password in G:\www\project_point\config\database.php on line 59
[10-Jul-2018 16:41:17 Asia/Shanghai] PHP Notice:  Undefined variable: password in G:\www\project_point\config\database.php on line 59
[10-Jul-2018 17:41:17 Asia/Shanghai] PHP Notice:  Undefined variable: password in G:\www\project_point\config\database.php on line 59
[10-Jul-2018 18:41:17 Asia/Shanghai] PHP Notice:  Undefined variable: password in G:\www\project_point\config\database.php on line 59
[10-Jul-2018 19:41:17 Asia/Shanghai] PHP Notice:  Undefined variable: password in G:\www\project_point\config\database.php on line 59
[10-Jul-2018 20:41:17 Asia/Shanghai] PHP Notice:  Undefined variable: password in G:\www\project_point\config\database.php on line 59
